
CH32V203K8T6_denko_main.elf:     file format elf32-littleriscv
CH32V203K8T6_denko_main.elf
architecture: riscv:rv32, flags 0x00000112:
EXEC_P, HAS_SYMS, D_PAGED
start address 0x00000000

Program Header:
    LOAD off    0x00001000 vaddr 0x00000000 paddr 0x00000000 align 2**12
         filesz 0x00002ea0 memsz 0x00002ea0 flags r-x
    LOAD off    0x00004000 vaddr 0x20000000 paddr 0x00002ea0 align 2**12
         filesz 0x00000008 memsz 0x00001014 flags rw-
    LOAD off    0x00004800 vaddr 0x20004800 paddr 0x20004800 align 2**12
         filesz 0x00000000 memsz 0x00000800 flags rw-

Sections:
Idx Name          Size      VMA       LMA       File off  Algn
  0 .init         00000004  00000000  00000000  00001000  2**1
                  CONTENTS, ALLOC, LOAD, READONLY, CODE
  1 .vector       000000fc  00000004  00000004  00001004  2**1
                  CONTENTS, ALLOC, LOAD, READONLY, CODE
  2 .text         00002da0  00000100  00000100  00001100  2**2
                  CONTENTS, ALLOC, LOAD, READONLY, CODE
  3 .fini         00000000  00002ea0  00002ea0  00004008  2**0
                  CONTENTS, ALLOC, LOAD, CODE
  4 .dalign       00000000  20000000  20000000  00004008  2**0
                  CONTENTS
  5 .dlalign      00000000  00002ea0  00002ea0  00004008  2**0
                  CONTENTS
  6 .data         00000008  20000000  00002ea0  00004000  2**2
                  CONTENTS, ALLOC, LOAD, DATA
  7 .bss          0000100c  20000008  00002ea8  00004008  2**2
                  ALLOC
  8 .stack        00000800  20004800  20004800  00004800  2**0
                  ALLOC
  9 .debug_info   00004d20  00000000  00000000  00004008  2**0
                  CONTENTS, READONLY, DEBUGGING
 10 .debug_abbrev 00000c19  00000000  00000000  00008d28  2**0
                  CONTENTS, READONLY, DEBUGGING
 11 .debug_loc    00002d1a  00000000  00000000  00009941  2**0
                  CONTENTS, READONLY, DEBUGGING
 12 .debug_aranges 00000130  00000000  00000000  0000c660  2**3
                  CONTENTS, READONLY, DEBUGGING
 13 .debug_ranges 000002a0  00000000  00000000  0000c790  2**3
                  CONTENTS, READONLY, DEBUGGING
 14 .debug_line   000031b8  00000000  00000000  0000ca30  2**0
                  CONTENTS, READONLY, DEBUGGING
 15 .debug_str    00000da6  00000000  00000000  0000fbe8  2**0
                  CONTENTS, READONLY, DEBUGGING
 16 .comment      00000033  00000000  00000000  0001098e  2**0
                  CONTENTS, READONLY
 17 .debug_frame  000001c8  00000000  00000000  000109c4  2**2
                  CONTENTS, READONLY, DEBUGGING
SYMBOL TABLE:
00000000 l    d  .init	00000000 .init
00000004 l    d  .vector	00000000 .vector
00000100 l    d  .text	00000000 .text
00002ea0 l    d  .fini	00000000 .fini
20000000 l    d  .dalign	00000000 .dalign
00002ea0 l    d  .dlalign	00000000 .dlalign
20000000 l    d  .data	00000000 .data
20000008 l    d  .bss	00000000 .bss
20004800 l    d  .stack	00000000 .stack
00000000 l    d  .debug_info	00000000 .debug_info
00000000 l    d  .debug_abbrev	00000000 .debug_abbrev
00000000 l    d  .debug_loc	00000000 .debug_loc
00000000 l    d  .debug_aranges	00000000 .debug_aranges
00000000 l    d  .debug_ranges	00000000 .debug_ranges
00000000 l    d  .debug_line	00000000 .debug_line
00000000 l    d  .debug_str	00000000 .debug_str
00000000 l    d  .comment	00000000 .comment
00000000 l    d  .debug_frame	00000000 .debug_frame
00000000 l    df *ABS*	00000000 ./Startup/startup_ch32v20x_D6.o
00000004 l       .vector	00000000 _vector_base
00000000 l    df *ABS*	00000000 ch32v203_GPIO_mylib.c
20000000 l     O .data	00000004 mode_speed.4666
00000000 l    df *ABS*	00000000 ch32v20x_it.c
00000000 l    df *ABS*	00000000 main.c
20000008 l     O .bss	00000004 cnt0.4774
2000000c l     O .bss	00000004 i.4672
20000010 l     O .bss	00000004 one_Latch.4775
00000000 l    df *ABS*	00000000 system_ch32v20x.c
00000d92  w      .text	00000000 EXTI2_IRQHandler
20000800 g       .data	00000000 __global_pointer$
00000108 g     F .text	00000028 .hidden __riscv_save_8
00000d92  w      .text	00000000 TIM1_CC_IRQHandler
000005ac g     F .text	00000010 HardFault_Handler
00000154 g     F .text	0000000c .hidden __riscv_restore_3
00000d92  w      .text	00000000 SysTick_Handler
00000d92  w      .text	00000000 PVD_IRQHandler
000006ac g     F .text	00000040 TIM2_interrupt_init
00000140 g     F .text	00000020 .hidden __riscv_restore_10
000005aa g     F .text	00000002 NMI_Handler
00000d92  w      .text	00000000 EXTI3_IRQHandler
00000108 g     F .text	00000028 .hidden __riscv_save_11
00000ea0 g     O .text	00001000 data1
00001ea0 g     O .text	00001000 data2
20000008 g       .bss	00000000 _sbss
00000800 g       *ABS*	00000000 __stack_size
00000d92  w      .text	00000000 USBFS_IRQHandler
00000154 g     F .text	0000000c .hidden __riscv_restore_2
00000d92  w      .text	00000000 EXTI0_IRQHandler
00000d92  w      .text	00000000 I2C2_EV_IRQHandler
0000063c g     F .text	0000002c us_delay
00000004 g       .init	00000000 _einit
00000100 g     F .text	00000030 .hidden __riscv_save_12
00000d92  w      .text	00000000 ADC1_2_IRQHandler
00000d92  w      .text	00000000 Break_Point_Handler
00000140 g     F .text	00000020 .hidden __riscv_restore_11
00000d92  w      .text	00000000 SPI1_IRQHandler
00000130 g     F .text	0000000c .hidden __riscv_save_1
00000d92  w      .text	00000000 TAMPER_IRQHandler
00000154 g     F .text	0000000c .hidden __riscv_restore_0
00000532 g     F .text	00000078 digitalWrite
00000116 g     F .text	0000001a .hidden __riscv_save_7
0000019a g     F .text	00000398 pinMode
00000d92  w      .text	00000000 Ecall_M_Mode_Handler
20004800 g       .stack	00000000 _heap_end
0000014a g     F .text	00000016 .hidden __riscv_restore_5
00000d92  w      .text	00000000 DMA1_Channel4_IRQHandler
000005bc g     F .text	0000005a osc_144MHz_init
0000014a g     F .text	00000016 .hidden __riscv_restore_6
00000d92  w      .text	00000000 USART3_IRQHandler
0000016e g     F .text	0000000e GPIOB_init
00000d92  w      .text	00000000 RTC_IRQHandler
20001014 g       .bss	00000000 _ebss
00000d92  w      .text	00000000 DMA1_Channel7_IRQHandler
00000668 g     F .text	00000044 row_out
00000d92  w      .text	00000000 CAN1_RX1_IRQHandler
00000d92  w      .text	00000000 TIM4_IRQHandler
00000108 g     F .text	00000028 .hidden __riscv_save_9
00000116 g     F .text	0000001a .hidden __riscv_save_4
00000d92  w      .text	00000000 I2C1_EV_IRQHandler
00000d92  w      .text	00000000 DMA1_Channel6_IRQHandler
00000d92  w      .text	00000000 UART4_IRQHandler
00000d92  w      .text	00000000 TIM3_IRQHandler
00000d92  w      .text	00000000 RCC_IRQHandler
00000130 g     F .text	0000000c .hidden __riscv_save_3
00000d92  w      .text	00000000 TIM1_TRG_COM_IRQHandler
00000d92  w      .text	00000000 DMA1_Channel1_IRQHandler
00000616 g     F .text	00000026 SysTick_init
00000000 g       .init	00000000 _start
00000d92  w      .text	00000000 EXTI15_10_IRQHandler
00000d92  w      .text	00000000 DMA1_Channel8_IRQHandler
20000000 g       .dalign	00000000 _data_vma
00000d92  w      .text	00000000 EXTI9_5_IRQHandler
00000108 g     F .text	00000028 .hidden __riscv_save_10
0000014a g     F .text	00000016 .hidden __riscv_restore_4
00000140 g     F .text	00000020 .hidden __riscv_restore_8
00000116 g     F .text	0000001a .hidden __riscv_save_6
00000d92  w      .text	00000000 SPI2_IRQHandler
00000140 g     F .text	00000020 .hidden __riscv_restore_9
0000014a g     F .text	00000016 .hidden __riscv_restore_7
000006ec g     F .text	000004fe main
00000d92  w      .text	00000000 DMA1_Channel5_IRQHandler
00000d92  w      .text	00000000 EXTI4_IRQHandler
00000d92  w      .text	00000000 USB_LP_CAN1_RX0_IRQHandler
00000ca8 g     F .text	000000ea SystemInit
00000160 g     F .text	0000000e GPIOA_init
00000d92  w      .text	00000000 USB_HP_CAN1_TX_IRQHandler
00000000 g       .init	00000000 _sinit
00000d92  w      .text	00000000 DMA1_Channel3_IRQHandler
20000014 g     O .bss	00001000 disp_data
00000d92  w      .text	00000000 TIM1_UP_IRQHandler
00000d92  w      .text	00000000 WWDG_IRQHandler
00000d92  w      .text	00000000 Ecall_U_Mode_Handler
0000018a g     F .text	00000010 GPIO_output_speed
00000bea g     F .text	000000be TIM2_IRQHandler
20005000 g       .stack	00000000 _eusrstack
00000130 g     F .text	0000000c .hidden __riscv_save_2
00000d92  w      .text	00000000 SW_Handler
00000d92  w      .text	00000000 TIM1_BRK_IRQHandler
00000d92  w      .text	00000000 EXTI1_IRQHandler
00000116 g     F .text	0000001a .hidden __riscv_save_5
20000008 g       .data	00000000 _edata
20001014 g       .bss	00000000 _end
00000d92  w      .text	00000000 RTCAlarm_IRQHandler
00002ea0 g       .dlalign	00000000 _data_lma
00000d92  w      .text	00000000 USART2_IRQHandler
00000d92  w      .text	00000000 I2C2_ER_IRQHandler
00000d92  w      .text	00000000 DMA1_Channel2_IRQHandler
0000013c g     F .text	00000024 .hidden __riscv_restore_12
00000d94  w      .text	00000000 handle_reset
00000d92  w      .text	00000000 CAN1_SCE_IRQHandler
00000130 g     F .text	0000000c .hidden __riscv_save_0
00000d92  w      .text	00000000 FLASH_IRQHandler
00000d92  w      .text	00000000 USBFSWakeUp_IRQHandler
00000d92  w      .text	00000000 USART1_IRQHandler
00000d92  w      .text	00000000 I2C1_ER_IRQHandler
0000017c g     F .text	0000000e GPIOD_init
00000154 g     F .text	0000000c .hidden __riscv_restore_1
00000d92  w      .text	00000000 USBWakeUp_IRQHandler



Disassembly of section .init:

00000000 <_sinit>:
   0:	5950006f          	j	d94 <handle_reset>

Disassembly of section .vector:

00000004 <_vector_base>:
	...
   c:	05aa                	slli	a1,a1,0xa
   e:	0000                	unimp
  10:	05ac                	addi	a1,sp,712
  12:	0000                	unimp
  14:	0000                	unimp
  16:	0000                	unimp
  18:	0d92                	slli	s11,s11,0x4
	...
  22:	0000                	unimp
  24:	0d92                	slli	s11,s11,0x4
  26:	0000                	unimp
  28:	0d92                	slli	s11,s11,0x4
	...
  32:	0000                	unimp
  34:	0d92                	slli	s11,s11,0x4
  36:	0000                	unimp
  38:	0000                	unimp
  3a:	0000                	unimp
  3c:	0d92                	slli	s11,s11,0x4
  3e:	0000                	unimp
  40:	0000                	unimp
  42:	0000                	unimp
  44:	0d92                	slli	s11,s11,0x4
  46:	0000                	unimp
  48:	0d92                	slli	s11,s11,0x4
  4a:	0000                	unimp
  4c:	0d92                	slli	s11,s11,0x4
  4e:	0000                	unimp
  50:	0d92                	slli	s11,s11,0x4
  52:	0000                	unimp
  54:	0d92                	slli	s11,s11,0x4
  56:	0000                	unimp
  58:	0d92                	slli	s11,s11,0x4
  5a:	0000                	unimp
  5c:	0d92                	slli	s11,s11,0x4
  5e:	0000                	unimp
  60:	0d92                	slli	s11,s11,0x4
  62:	0000                	unimp
  64:	0d92                	slli	s11,s11,0x4
  66:	0000                	unimp
  68:	0d92                	slli	s11,s11,0x4
  6a:	0000                	unimp
  6c:	0d92                	slli	s11,s11,0x4
  6e:	0000                	unimp
  70:	0d92                	slli	s11,s11,0x4
  72:	0000                	unimp
  74:	0d92                	slli	s11,s11,0x4
  76:	0000                	unimp
  78:	0d92                	slli	s11,s11,0x4
  7a:	0000                	unimp
  7c:	0d92                	slli	s11,s11,0x4
  7e:	0000                	unimp
  80:	0d92                	slli	s11,s11,0x4
  82:	0000                	unimp
  84:	0d92                	slli	s11,s11,0x4
  86:	0000                	unimp
  88:	0d92                	slli	s11,s11,0x4
  8a:	0000                	unimp
  8c:	0d92                	slli	s11,s11,0x4
  8e:	0000                	unimp
  90:	0d92                	slli	s11,s11,0x4
  92:	0000                	unimp
  94:	0d92                	slli	s11,s11,0x4
  96:	0000                	unimp
  98:	0d92                	slli	s11,s11,0x4
  9a:	0000                	unimp
  9c:	0d92                	slli	s11,s11,0x4
  9e:	0000                	unimp
  a0:	0d92                	slli	s11,s11,0x4
  a2:	0000                	unimp
  a4:	0d92                	slli	s11,s11,0x4
  a6:	0000                	unimp
  a8:	0d92                	slli	s11,s11,0x4
  aa:	0000                	unimp
  ac:	0d92                	slli	s11,s11,0x4
  ae:	0000                	unimp
  b0:	0d92                	slli	s11,s11,0x4
  b2:	0000                	unimp
  b4:	0bea                	slli	s7,s7,0x1a
  b6:	0000                	unimp
  b8:	0d92                	slli	s11,s11,0x4
  ba:	0000                	unimp
  bc:	0d92                	slli	s11,s11,0x4
  be:	0000                	unimp
  c0:	0d92                	slli	s11,s11,0x4
  c2:	0000                	unimp
  c4:	0d92                	slli	s11,s11,0x4
  c6:	0000                	unimp
  c8:	0d92                	slli	s11,s11,0x4
  ca:	0000                	unimp
  cc:	0d92                	slli	s11,s11,0x4
  ce:	0000                	unimp
  d0:	0d92                	slli	s11,s11,0x4
  d2:	0000                	unimp
  d4:	0d92                	slli	s11,s11,0x4
  d6:	0000                	unimp
  d8:	0d92                	slli	s11,s11,0x4
  da:	0000                	unimp
  dc:	0d92                	slli	s11,s11,0x4
  de:	0000                	unimp
  e0:	0d92                	slli	s11,s11,0x4
  e2:	0000                	unimp
  e4:	0d92                	slli	s11,s11,0x4
  e6:	0000                	unimp
  e8:	0d92                	slli	s11,s11,0x4
  ea:	0000                	unimp
  ec:	0d92                	slli	s11,s11,0x4
  ee:	0000                	unimp
  f0:	0d92                	slli	s11,s11,0x4
  f2:	0000                	unimp
  f4:	0d92                	slli	s11,s11,0x4
  f6:	0000                	unimp
  f8:	0d92                	slli	s11,s11,0x4
  fa:	0000                	unimp
  fc:	0d92                	slli	s11,s11,0x4
	...

Disassembly of section .text:

00000100 <__riscv_save_12>:
     100:	7139                	addi	sp,sp,-64
     102:	4301                	li	t1,0
     104:	c66e                	sw	s11,12(sp)
     106:	a019                	j	10c <__riscv_save_10+0x4>

00000108 <__riscv_save_10>:
     108:	7139                	addi	sp,sp,-64
     10a:	5341                	li	t1,-16
     10c:	c86a                	sw	s10,16(sp)
     10e:	ca66                	sw	s9,20(sp)
     110:	cc62                	sw	s8,24(sp)
     112:	ce5e                	sw	s7,28(sp)
     114:	a019                	j	11a <__riscv_save_4+0x4>

00000116 <__riscv_save_4>:
     116:	7139                	addi	sp,sp,-64
     118:	5301                	li	t1,-32
     11a:	d05a                	sw	s6,32(sp)
     11c:	d256                	sw	s5,36(sp)
     11e:	d452                	sw	s4,40(sp)
     120:	d64e                	sw	s3,44(sp)
     122:	d84a                	sw	s2,48(sp)
     124:	da26                	sw	s1,52(sp)
     126:	dc22                	sw	s0,56(sp)
     128:	de06                	sw	ra,60(sp)
     12a:	40610133          	sub	sp,sp,t1
     12e:	8282                	jr	t0

00000130 <__riscv_save_0>:
     130:	1141                	addi	sp,sp,-16
     132:	c04a                	sw	s2,0(sp)
     134:	c226                	sw	s1,4(sp)
     136:	c422                	sw	s0,8(sp)
     138:	c606                	sw	ra,12(sp)
     13a:	8282                	jr	t0

0000013c <__riscv_restore_12>:
     13c:	4db2                	lw	s11,12(sp)
     13e:	0141                	addi	sp,sp,16

00000140 <__riscv_restore_10>:
     140:	4d02                	lw	s10,0(sp)
     142:	4c92                	lw	s9,4(sp)
     144:	4c22                	lw	s8,8(sp)
     146:	4bb2                	lw	s7,12(sp)
     148:	0141                	addi	sp,sp,16

0000014a <__riscv_restore_4>:
     14a:	4b02                	lw	s6,0(sp)
     14c:	4a92                	lw	s5,4(sp)
     14e:	4a22                	lw	s4,8(sp)
     150:	49b2                	lw	s3,12(sp)
     152:	0141                	addi	sp,sp,16

00000154 <__riscv_restore_0>:
     154:	4902                	lw	s2,0(sp)
     156:	4492                	lw	s1,4(sp)
     158:	4422                	lw	s0,8(sp)
     15a:	40b2                	lw	ra,12(sp)
     15c:	0141                	addi	sp,sp,16
     15e:	8082                	ret

00000160 <GPIOA_init>:
     160:	40021737          	lui	a4,0x40021
     164:	4f1c                	lw	a5,24(a4)
     166:	0047e793          	ori	a5,a5,4
     16a:	cf1c                	sw	a5,24(a4)
     16c:	8082                	ret

0000016e <GPIOB_init>:
     16e:	40021737          	lui	a4,0x40021
     172:	4f1c                	lw	a5,24(a4)
     174:	0087e793          	ori	a5,a5,8
     178:	cf1c                	sw	a5,24(a4)
     17a:	8082                	ret

0000017c <GPIOD_init>:
     17c:	40021737          	lui	a4,0x40021
     180:	4f1c                	lw	a5,24(a4)
     182:	0207e793          	ori	a5,a5,32
     186:	cf1c                	sw	a5,24(a4)
     188:	8082                	ret

0000018a <GPIO_output_speed>:
     18a:	200007b7          	lui	a5,0x20000
     18e:	00078793          	mv	a5,a5
     192:	c111                	beqz	a0,196 <GPIO_output_speed+0xc>
     194:	c388                	sw	a0,0(a5)
     196:	4388                	lw	a0,0(a5)
     198:	8082                	ret

0000019a <pinMode>:
     19a:	0f057793          	andi	a5,a0,240
     19e:	4741                	li	a4,16
     1a0:	0ee79563          	bne	a5,a4,28a <pinMode+0xf0>
     1a4:	00857813          	andi	a6,a0,8
     1a8:	0ff57513          	andi	a0,a0,255
     1ac:	00757693          	andi	a3,a0,7
     1b0:	068a                	slli	a3,a3,0x2
     1b2:	00268713          	addi	a4,a3,2
     1b6:	478d                	li	a5,3
     1b8:	00e79633          	sll	a2,a5,a4
     1bc:	0035f893          	andi	a7,a1,3
     1c0:	00d797b3          	sll	a5,a5,a3
     1c4:	0085f313          	andi	t1,a1,8
     1c8:	fff64613          	not	a2,a2
     1cc:	00e89733          	sll	a4,a7,a4
     1d0:	fff7c793          	not	a5,a5
     1d4:	04031863          	bnez	t1,224 <pinMode+0x8a>
     1d8:	200005b7          	lui	a1,0x20000
     1dc:	0005a503          	lw	a0,0(a1) # 20000000 <_data_vma>
     1e0:	00d51533          	sll	a0,a0,a3
     1e4:	02081163          	bnez	a6,206 <pinMode+0x6c>
     1e8:	400115b7          	lui	a1,0x40011
     1ec:	8005a683          	lw	a3,-2048(a1) # 40010800 <_eusrstack+0x2000b800>
     1f0:	8ff5                	and	a5,a5,a3
     1f2:	8fc9                	or	a5,a5,a0
     1f4:	80f5a023          	sw	a5,-2048(a1)
     1f8:	8005a783          	lw	a5,-2048(a1)
     1fc:	8e7d                	and	a2,a2,a5
     1fe:	8f51                	or	a4,a4,a2
     200:	80e5a023          	sw	a4,-2048(a1)
     204:	8082                	ret
     206:	400116b7          	lui	a3,0x40011
     20a:	8046a583          	lw	a1,-2044(a3) # 40010804 <_eusrstack+0x2000b804>
     20e:	8fed                	and	a5,a5,a1
     210:	8fc9                	or	a5,a5,a0
     212:	80f6a223          	sw	a5,-2044(a3)
     216:	8046a783          	lw	a5,-2044(a3)
     21a:	8e7d                	and	a2,a2,a5
     21c:	8f51                	or	a4,a4,a2
     21e:	80e6a223          	sw	a4,-2044(a3)
     222:	8082                	ret
     224:	400116b7          	lui	a3,0x40011
     228:	04081463          	bnez	a6,270 <pinMode+0xd6>
     22c:	8006a803          	lw	a6,-2048(a3) # 40010800 <_eusrstack+0x2000b800>
     230:	00f877b3          	and	a5,a6,a5
     234:	80f6a023          	sw	a5,-2048(a3)
     238:	8006a783          	lw	a5,-2048(a3)
     23c:	8e7d                	and	a2,a2,a5
     23e:	8f51                	or	a4,a4,a2
     240:	80e6a023          	sw	a4,-2048(a3)
     244:	4789                	li	a5,2
     246:	2ef89563          	bne	a7,a5,530 <pinMode+0x396>
     24a:	40011737          	lui	a4,0x40011
     24e:	80c72683          	lw	a3,-2036(a4) # 4001080c <_eusrstack+0x2000b80c>
     252:	893d                	andi	a0,a0,15
     254:	4785                	li	a5,1
     256:	00a797b3          	sll	a5,a5,a0
     25a:	8589                	srai	a1,a1,0x2
     25c:	fff7c793          	not	a5,a5
     260:	8985                	andi	a1,a1,1
     262:	8ff5                	and	a5,a5,a3
     264:	00a59533          	sll	a0,a1,a0
     268:	8d5d                	or	a0,a0,a5
     26a:	80a72623          	sw	a0,-2036(a4)
     26e:	8082                	ret
     270:	8046a803          	lw	a6,-2044(a3)
     274:	00f877b3          	and	a5,a6,a5
     278:	80f6a223          	sw	a5,-2044(a3)
     27c:	8046a783          	lw	a5,-2044(a3)
     280:	8e7d                	and	a2,a2,a5
     282:	8f51                	or	a4,a4,a2
     284:	80e6a223          	sw	a4,-2044(a3)
     288:	bf75                	j	244 <pinMode+0xaa>
     28a:	02000713          	li	a4,32
     28e:	0ee79563          	bne	a5,a4,378 <pinMode+0x1de>
     292:	00857813          	andi	a6,a0,8
     296:	0ff57513          	andi	a0,a0,255
     29a:	00757693          	andi	a3,a0,7
     29e:	068a                	slli	a3,a3,0x2
     2a0:	00268713          	addi	a4,a3,2
     2a4:	478d                	li	a5,3
     2a6:	00e79633          	sll	a2,a5,a4
     2aa:	0035f893          	andi	a7,a1,3
     2ae:	00d797b3          	sll	a5,a5,a3
     2b2:	0085f313          	andi	t1,a1,8
     2b6:	fff64613          	not	a2,a2
     2ba:	00e89733          	sll	a4,a7,a4
     2be:	fff7c793          	not	a5,a5
     2c2:	04031863          	bnez	t1,312 <pinMode+0x178>
     2c6:	200005b7          	lui	a1,0x20000
     2ca:	0005a503          	lw	a0,0(a1) # 20000000 <_data_vma>
     2ce:	00d51533          	sll	a0,a0,a3
     2d2:	02081163          	bnez	a6,2f4 <pinMode+0x15a>
     2d6:	400115b7          	lui	a1,0x40011
     2da:	c005a683          	lw	a3,-1024(a1) # 40010c00 <_eusrstack+0x2000bc00>
     2de:	8ff5                	and	a5,a5,a3
     2e0:	8fc9                	or	a5,a5,a0
     2e2:	c0f5a023          	sw	a5,-1024(a1)
     2e6:	c005a783          	lw	a5,-1024(a1)
     2ea:	8e7d                	and	a2,a2,a5
     2ec:	8f51                	or	a4,a4,a2
     2ee:	c0e5a023          	sw	a4,-1024(a1)
     2f2:	8082                	ret
     2f4:	400116b7          	lui	a3,0x40011
     2f8:	c046a583          	lw	a1,-1020(a3) # 40010c04 <_eusrstack+0x2000bc04>
     2fc:	8fed                	and	a5,a5,a1
     2fe:	8fc9                	or	a5,a5,a0
     300:	c0f6a223          	sw	a5,-1020(a3)
     304:	c046a783          	lw	a5,-1020(a3)
     308:	8e7d                	and	a2,a2,a5
     30a:	8f51                	or	a4,a4,a2
     30c:	c0e6a223          	sw	a4,-1020(a3)
     310:	8082                	ret
     312:	400116b7          	lui	a3,0x40011
     316:	04081463          	bnez	a6,35e <pinMode+0x1c4>
     31a:	c006a803          	lw	a6,-1024(a3) # 40010c00 <_eusrstack+0x2000bc00>
     31e:	00f877b3          	and	a5,a6,a5
     322:	c0f6a023          	sw	a5,-1024(a3)
     326:	c006a783          	lw	a5,-1024(a3)
     32a:	8e7d                	and	a2,a2,a5
     32c:	8f51                	or	a4,a4,a2
     32e:	c0e6a023          	sw	a4,-1024(a3)
     332:	4789                	li	a5,2
     334:	1ef89e63          	bne	a7,a5,530 <pinMode+0x396>
     338:	40011737          	lui	a4,0x40011
     33c:	c0c72683          	lw	a3,-1012(a4) # 40010c0c <_eusrstack+0x2000bc0c>
     340:	893d                	andi	a0,a0,15
     342:	4785                	li	a5,1
     344:	00a797b3          	sll	a5,a5,a0
     348:	8589                	srai	a1,a1,0x2
     34a:	fff7c793          	not	a5,a5
     34e:	8985                	andi	a1,a1,1
     350:	8ff5                	and	a5,a5,a3
     352:	00a59533          	sll	a0,a1,a0
     356:	8d5d                	or	a0,a0,a5
     358:	c0a72623          	sw	a0,-1012(a4)
     35c:	8082                	ret
     35e:	c046a803          	lw	a6,-1020(a3)
     362:	00f877b3          	and	a5,a6,a5
     366:	c0f6a223          	sw	a5,-1020(a3)
     36a:	c046a783          	lw	a5,-1020(a3)
     36e:	8e7d                	and	a2,a2,a5
     370:	8f51                	or	a4,a4,a2
     372:	c0e6a223          	sw	a4,-1020(a3)
     376:	bf75                	j	332 <pinMode+0x198>
     378:	03000713          	li	a4,48
     37c:	1ae79663          	bne	a5,a4,528 <pinMode+0x38e>
     380:	00857813          	andi	a6,a0,8
     384:	0ff57513          	andi	a0,a0,255
     388:	00757613          	andi	a2,a0,7
     38c:	060a                	slli	a2,a2,0x2
     38e:	00260713          	addi	a4,a2,2
     392:	478d                	li	a5,3
     394:	00e796b3          	sll	a3,a5,a4
     398:	0035f893          	andi	a7,a1,3
     39c:	00c797b3          	sll	a5,a5,a2
     3a0:	0085f313          	andi	t1,a1,8
     3a4:	fff6c693          	not	a3,a3
     3a8:	00e89733          	sll	a4,a7,a4
     3ac:	fff7c793          	not	a5,a5
     3b0:	02031e63          	bnez	t1,3ec <pinMode+0x252>
     3b4:	200005b7          	lui	a1,0x20000
     3b8:	0005a503          	lw	a0,0(a1) # 20000000 <_data_vma>
     3bc:	400115b7          	lui	a1,0x40011
     3c0:	00c51533          	sll	a0,a0,a2
     3c4:	00081b63          	bnez	a6,3da <pinMode+0x240>
     3c8:	4190                	lw	a2,0(a1)
     3ca:	8ff1                	and	a5,a5,a2
     3cc:	8fc9                	or	a5,a5,a0
     3ce:	c19c                	sw	a5,0(a1)
     3d0:	419c                	lw	a5,0(a1)
     3d2:	8efd                	and	a3,a3,a5
     3d4:	8f55                	or	a4,a4,a3
     3d6:	c198                	sw	a4,0(a1)
     3d8:	8082                	ret
     3da:	41d0                	lw	a2,4(a1)
     3dc:	8ff1                	and	a5,a5,a2
     3de:	8fc9                	or	a5,a5,a0
     3e0:	c1dc                	sw	a5,4(a1)
     3e2:	41dc                	lw	a5,4(a1)
     3e4:	8efd                	and	a3,a3,a5
     3e6:	8f55                	or	a4,a4,a3
     3e8:	c1d8                	sw	a4,4(a1)
     3ea:	8082                	ret
     3ec:	40011637          	lui	a2,0x40011
     3f0:	02081f63          	bnez	a6,42e <pinMode+0x294>
     3f4:	00062803          	lw	a6,0(a2) # 40011000 <_eusrstack+0x2000c000>
     3f8:	00f877b3          	and	a5,a6,a5
     3fc:	c21c                	sw	a5,0(a2)
     3fe:	421c                	lw	a5,0(a2)
     400:	8efd                	and	a3,a3,a5
     402:	8f55                	or	a4,a4,a3
     404:	c218                	sw	a4,0(a2)
     406:	4789                	li	a5,2
     408:	12f89463          	bne	a7,a5,530 <pinMode+0x396>
     40c:	40011737          	lui	a4,0x40011
     410:	4754                	lw	a3,12(a4)
     412:	893d                	andi	a0,a0,15
     414:	4785                	li	a5,1
     416:	00a797b3          	sll	a5,a5,a0
     41a:	8589                	srai	a1,a1,0x2
     41c:	fff7c793          	not	a5,a5
     420:	8985                	andi	a1,a1,1
     422:	8ff5                	and	a5,a5,a3
     424:	00a59533          	sll	a0,a1,a0
     428:	8d5d                	or	a0,a0,a5
     42a:	c748                	sw	a0,12(a4)
     42c:	8082                	ret
     42e:	00462803          	lw	a6,4(a2)
     432:	00f877b3          	and	a5,a6,a5
     436:	c25c                	sw	a5,4(a2)
     438:	425c                	lw	a5,4(a2)
     43a:	8efd                	and	a3,a3,a5
     43c:	8f55                	or	a4,a4,a3
     43e:	c258                	sw	a4,4(a2)
     440:	b7d9                	j	406 <pinMode+0x26c>
     442:	00857813          	andi	a6,a0,8
     446:	0ff57513          	andi	a0,a0,255
     44a:	00757693          	andi	a3,a0,7
     44e:	068a                	slli	a3,a3,0x2
     450:	00268713          	addi	a4,a3,2
     454:	478d                	li	a5,3
     456:	00e79633          	sll	a2,a5,a4
     45a:	0035f893          	andi	a7,a1,3
     45e:	00d797b3          	sll	a5,a5,a3
     462:	0085f313          	andi	t1,a1,8
     466:	fff64613          	not	a2,a2
     46a:	00e89733          	sll	a4,a7,a4
     46e:	fff7c793          	not	a5,a5
     472:	04031863          	bnez	t1,4c2 <pinMode+0x328>
     476:	200005b7          	lui	a1,0x20000
     47a:	0005a503          	lw	a0,0(a1) # 20000000 <_data_vma>
     47e:	00d51533          	sll	a0,a0,a3
     482:	02081163          	bnez	a6,4a4 <pinMode+0x30a>
     486:	400115b7          	lui	a1,0x40011
     48a:	4005a683          	lw	a3,1024(a1) # 40011400 <_eusrstack+0x2000c400>
     48e:	8ff5                	and	a5,a5,a3
     490:	8fc9                	or	a5,a5,a0
     492:	40f5a023          	sw	a5,1024(a1)
     496:	4005a783          	lw	a5,1024(a1)
     49a:	8e7d                	and	a2,a2,a5
     49c:	8f51                	or	a4,a4,a2
     49e:	40e5a023          	sw	a4,1024(a1)
     4a2:	8082                	ret
     4a4:	400116b7          	lui	a3,0x40011
     4a8:	4046a583          	lw	a1,1028(a3) # 40011404 <_eusrstack+0x2000c404>
     4ac:	8fed                	and	a5,a5,a1
     4ae:	8fc9                	or	a5,a5,a0
     4b0:	40f6a223          	sw	a5,1028(a3)
     4b4:	4046a783          	lw	a5,1028(a3)
     4b8:	8e7d                	and	a2,a2,a5
     4ba:	8f51                	or	a4,a4,a2
     4bc:	40e6a223          	sw	a4,1028(a3)
     4c0:	8082                	ret
     4c2:	400116b7          	lui	a3,0x40011
     4c6:	04081463          	bnez	a6,50e <pinMode+0x374>
     4ca:	4006a803          	lw	a6,1024(a3) # 40011400 <_eusrstack+0x2000c400>
     4ce:	00f877b3          	and	a5,a6,a5
     4d2:	40f6a023          	sw	a5,1024(a3)
     4d6:	4006a783          	lw	a5,1024(a3)
     4da:	8e7d                	and	a2,a2,a5
     4dc:	8f51                	or	a4,a4,a2
     4de:	40e6a023          	sw	a4,1024(a3)
     4e2:	4789                	li	a5,2
     4e4:	04f89663          	bne	a7,a5,530 <pinMode+0x396>
     4e8:	40011737          	lui	a4,0x40011
     4ec:	40c72683          	lw	a3,1036(a4) # 4001140c <_eusrstack+0x2000c40c>
     4f0:	893d                	andi	a0,a0,15
     4f2:	4785                	li	a5,1
     4f4:	00a797b3          	sll	a5,a5,a0
     4f8:	8589                	srai	a1,a1,0x2
     4fa:	fff7c793          	not	a5,a5
     4fe:	8985                	andi	a1,a1,1
     500:	8ff5                	and	a5,a5,a3
     502:	00a59533          	sll	a0,a1,a0
     506:	8d5d                	or	a0,a0,a5
     508:	40a72623          	sw	a0,1036(a4)
     50c:	8082                	ret
     50e:	4046a803          	lw	a6,1028(a3)
     512:	00f877b3          	and	a5,a6,a5
     516:	40f6a223          	sw	a5,1028(a3)
     51a:	4046a783          	lw	a5,1028(a3)
     51e:	8e7d                	and	a2,a2,a5
     520:	8f51                	or	a4,a4,a2
     522:	40e6a223          	sw	a4,1028(a3)
     526:	bf75                	j	4e2 <pinMode+0x348>
     528:	04000713          	li	a4,64
     52c:	f0e78be3          	beq	a5,a4,442 <pinMode+0x2a8>
     530:	8082                	ret

00000532 <digitalWrite>:
     532:	0f057793          	andi	a5,a0,240
     536:	4741                	li	a4,16
     538:	02e79363          	bne	a5,a4,55e <digitalWrite+0x2c>
     53c:	4785                	li	a5,1
     53e:	893d                	andi	a0,a0,15
     540:	00a79533          	sll	a0,a5,a0
     544:	400117b7          	lui	a5,0x40011
     548:	80078793          	addi	a5,a5,-2048 # 40010800 <_eusrstack+0x2000b800>
     54c:	47d8                	lw	a4,12(a5)
     54e:	e589                	bnez	a1,558 <digitalWrite+0x26>
     550:	fff54513          	not	a0,a0
     554:	8d79                	and	a0,a0,a4
     556:	a011                	j	55a <digitalWrite+0x28>
     558:	8d59                	or	a0,a0,a4
     55a:	c7c8                	sw	a0,12(a5)
     55c:	8082                	ret
     55e:	02000713          	li	a4,32
     562:	00e79b63          	bne	a5,a4,578 <digitalWrite+0x46>
     566:	4785                	li	a5,1
     568:	893d                	andi	a0,a0,15
     56a:	00a79533          	sll	a0,a5,a0
     56e:	400117b7          	lui	a5,0x40011
     572:	c0078793          	addi	a5,a5,-1024 # 40010c00 <_eusrstack+0x2000bc00>
     576:	bfd9                	j	54c <digitalWrite+0x1a>
     578:	03000713          	li	a4,48
     57c:	02e79263          	bne	a5,a4,5a0 <digitalWrite+0x6e>
     580:	4785                	li	a5,1
     582:	893d                	andi	a0,a0,15
     584:	00a79533          	sll	a0,a5,a0
     588:	400117b7          	lui	a5,0x40011
     58c:	b7c1                	j	54c <digitalWrite+0x1a>
     58e:	4785                	li	a5,1
     590:	893d                	andi	a0,a0,15
     592:	00a79533          	sll	a0,a5,a0
     596:	400117b7          	lui	a5,0x40011
     59a:	40078793          	addi	a5,a5,1024 # 40011400 <_eusrstack+0x2000c400>
     59e:	b77d                	j	54c <digitalWrite+0x1a>
     5a0:	04000713          	li	a4,64
     5a4:	fee785e3          	beq	a5,a4,58e <digitalWrite+0x5c>
     5a8:	8082                	ret

000005aa <NMI_Handler>:
     5aa:	a001                	j	5aa <NMI_Handler>

000005ac <HardFault_Handler>:
     5ac:	beef07b7          	lui	a5,0xbeef0
     5b0:	e000e737          	lui	a4,0xe000e
     5b4:	08078793          	addi	a5,a5,128 # beef0080 <_eusrstack+0x9eeeb080>
     5b8:	c73c                	sw	a5,72(a4)
     5ba:	a001                	j	5ba <HardFault_Handler+0xe>

000005bc <osc_144MHz_init>:
     5bc:	400217b7          	lui	a5,0x40021
     5c0:	43d8                	lw	a4,4(a5)
     5c2:	002006b7          	lui	a3,0x200
     5c6:	8f55                	or	a4,a4,a3
     5c8:	c3d8                	sw	a4,4(a5)
     5ca:	43d8                	lw	a4,4(a5)
     5cc:	001006b7          	lui	a3,0x100
     5d0:	8f55                	or	a4,a4,a3
     5d2:	c3d8                	sw	a4,4(a5)
     5d4:	43d8                	lw	a4,4(a5)
     5d6:	000806b7          	lui	a3,0x80
     5da:	8f55                	or	a4,a4,a3
     5dc:	c3d8                	sw	a4,4(a5)
     5de:	43d8                	lw	a4,4(a5)
     5e0:	000406b7          	lui	a3,0x40
     5e4:	8f55                	or	a4,a4,a3
     5e6:	c3d8                	sw	a4,4(a5)
     5e8:	400246b7          	lui	a3,0x40024
     5ec:	8006a703          	lw	a4,-2048(a3) # 40023800 <_eusrstack+0x2001e800>
     5f0:	01076713          	ori	a4,a4,16
     5f4:	80e6a023          	sw	a4,-2048(a3)
     5f8:	4398                	lw	a4,0(a5)
     5fa:	010006b7          	lui	a3,0x1000
     5fe:	8f55                	or	a4,a4,a3
     600:	c398                	sw	a4,0(a5)
     602:	4398                	lw	a4,0(a5)
     604:	00671693          	slli	a3,a4,0x6
     608:	fe06dde3          	bgez	a3,602 <osc_144MHz_init+0x46>
     60c:	43d8                	lw	a4,4(a5)
     60e:	00276713          	ori	a4,a4,2
     612:	c3d8                	sw	a4,4(a5)
     614:	8082                	ret

00000616 <SysTick_init>:
     616:	e000f7b7          	lui	a5,0xe000f
     61a:	4398                	lw	a4,0(a5)
     61c:	567d                	li	a2,-1
     61e:	56fd                	li	a3,-1
     620:	00876713          	ori	a4,a4,8
     624:	c398                	sw	a4,0(a5)
     626:	4398                	lw	a4,0(a5)
     628:	00476713          	ori	a4,a4,4
     62c:	c398                	sw	a4,0(a5)
     62e:	cb90                	sw	a2,16(a5)
     630:	cbd4                	sw	a3,20(a5)
     632:	4398                	lw	a4,0(a5)
     634:	00176713          	ori	a4,a4,1
     638:	c398                	sw	a4,0(a5)
     63a:	8082                	ret

0000063c <us_delay>:
     63c:	1141                	addi	sp,sp,-16
     63e:	c62a                	sw	a0,12(sp)
     640:	e000f7b7          	lui	a5,0xe000f
     644:	4681                	li	a3,0
     646:	4701                	li	a4,0
     648:	c794                	sw	a3,8(a5)
     64a:	c7d8                	sw	a4,12(a5)
     64c:	09000593          	li	a1,144
     650:	e000f737          	lui	a4,0xe000f
     654:	4710                	lw	a2,8(a4)
     656:	4754                	lw	a3,12(a4)
     658:	47b2                	lw	a5,12(sp)
     65a:	02b787b3          	mul	a5,a5,a1
     65e:	e299                	bnez	a3,664 <us_delay+0x28>
     660:	fef66ae3          	bltu	a2,a5,654 <us_delay+0x18>
     664:	0141                	addi	sp,sp,16
     666:	8082                	ret

00000668 <row_out>:
     668:	ac9ff2ef          	jal	t0,130 <__riscv_save_0>
     66c:	1141                	addi	sp,sp,-16
     66e:	842e                	mv	s0,a1
     670:	84aa                	mv	s1,a0
     672:	4581                	li	a1,0
     674:	02300513          	li	a0,35
     678:	c436                	sw	a3,8(sp)
     67a:	c632                	sw	a2,12(sp)
     67c:	3d5d                	jal	532 <digitalWrite>
     67e:	85a6                	mv	a1,s1
     680:	4541                	li	a0,16
     682:	3d45                	jal	532 <digitalWrite>
     684:	85a2                	mv	a1,s0
     686:	02700513          	li	a0,39
     68a:	3565                	jal	532 <digitalWrite>
     68c:	4632                	lw	a2,12(sp)
     68e:	4545                	li	a0,17
     690:	85b2                	mv	a1,a2
     692:	3545                	jal	532 <digitalWrite>
     694:	46a2                	lw	a3,8(sp)
     696:	457d                	li	a0,31
     698:	85b6                	mv	a1,a3
     69a:	3d61                	jal	532 <digitalWrite>
     69c:	4505                	li	a0,1
     69e:	3f79                	jal	63c <us_delay>
     6a0:	4585                	li	a1,1
     6a2:	02300513          	li	a0,35
     6a6:	3571                	jal	532 <digitalWrite>
     6a8:	0141                	addi	sp,sp,16
     6aa:	b46d                	j	154 <__riscv_restore_0>

000006ac <TIM2_interrupt_init>:
     6ac:	40021737          	lui	a4,0x40021
     6b0:	4f5c                	lw	a5,28(a4)
     6b2:	6685                	lui	a3,0x1
     6b4:	0017e793          	ori	a5,a5,1
     6b8:	cf5c                	sw	a5,28(a4)
     6ba:	400007b7          	lui	a5,0x40000
     6be:	239a                	lhu	a4,0(a5)
     6c0:	08076713          	ori	a4,a4,128
     6c4:	a39a                	sh	a4,0(a5)
     6c6:	08f00713          	li	a4,143
     6ca:	b79a                	sh	a4,40(a5)
     6cc:	3e700713          	li	a4,999
     6d0:	b7da                	sh	a4,44(a5)
     6d2:	27da                	lhu	a4,12(a5)
     6d4:	00176713          	ori	a4,a4,1
     6d8:	a7da                	sh	a4,12(a5)
     6da:	e000e737          	lui	a4,0xe000e
     6de:	10d72223          	sw	a3,260(a4) # e000e104 <_eusrstack+0xc0009104>
     6e2:	239a                	lhu	a4,0(a5)
     6e4:	00176713          	ori	a4,a4,1
     6e8:	a39a                	sh	a4,0(a5)
     6ea:	8082                	ret

000006ec <main>:
     6ec:	a1dff2ef          	jal	t0,108 <__riscv_save_10>
     6f0:	35f1                	jal	5bc <osc_144MHz_init>
     6f2:	34bd                	jal	160 <GPIOA_init>
     6f4:	3cad                	jal	16e <GPIOB_init>
     6f6:	3459                	jal	17c <GPIOD_init>
     6f8:	40021737          	lui	a4,0x40021
     6fc:	4f1c                	lw	a5,24(a4)
     6fe:	66a1                	lui	a3,0x8
     700:	200004b7          	lui	s1,0x20000
     704:	0017e793          	ori	a5,a5,1
     708:	cf1c                	sw	a5,24(a4)
     70a:	40010737          	lui	a4,0x40010
     70e:	435c                	lw	a5,4(a4)
     710:	6a05                	lui	s4,0x1
     712:	8fd5                	or	a5,a5,a3
     714:	c35c                	sw	a5,4(a4)
     716:	3701                	jal	616 <SysTick_init>
     718:	3f51                	jal	6ac <TIM2_interrupt_init>
     71a:	450d                	li	a0,3
     71c:	34bd                	jal	18a <GPIO_output_speed>
     71e:	4581                	li	a1,0
     720:	4541                	li	a0,16
     722:	3ca5                	jal	19a <pinMode>
     724:	4581                	li	a1,0
     726:	02700513          	li	a0,39
     72a:	3c85                	jal	19a <pinMode>
     72c:	4581                	li	a1,0
     72e:	4545                	li	a0,17
     730:	34ad                	jal	19a <pinMode>
     732:	4581                	li	a1,0
     734:	457d                	li	a0,31
     736:	3495                	jal	19a <pinMode>
     738:	4581                	li	a1,0
     73a:	02300513          	li	a0,35
     73e:	3cb1                	jal	19a <pinMode>
     740:	4581                	li	a1,0
     742:	02400513          	li	a0,36
     746:	3c91                	jal	19a <pinMode>
     748:	4581                	li	a1,0
     74a:	02500513          	li	a0,37
     74e:	34b1                	jal	19a <pinMode>
     750:	4581                	li	a1,0
     752:	02600513          	li	a0,38
     756:	3491                	jal	19a <pinMode>
     758:	4581                	li	a1,0
     75a:	4549                	li	a0,18
     75c:	3c3d                	jal	19a <pinMode>
     75e:	4581                	li	a1,0
     760:	454d                	li	a0,19
     762:	3c25                	jal	19a <pinMode>
     764:	4581                	li	a1,0
     766:	4551                	li	a0,20
     768:	3c0d                	jal	19a <pinMode>
     76a:	4581                	li	a1,0
     76c:	4571                	li	a0,28
     76e:	3435                	jal	19a <pinMode>
     770:	4581                	li	a1,0
     772:	456d                	li	a0,27
     774:	341d                	jal	19a <pinMode>
     776:	4581                	li	a1,0
     778:	4561                	li	a0,24
     77a:	3405                	jal	19a <pinMode>
     77c:	4581                	li	a1,0
     77e:	04100513          	li	a0,65
     782:	3c21                	jal	19a <pinMode>
     784:	0af00b13          	li	s6,175
     788:	01448493          	addi	s1,s1,20 # 20000014 <disp_data>
     78c:	e20a0a13          	addi	s4,s4,-480 # e20 <handle_reset+0x8c>
     790:	06f00913          	li	s2,111
     794:	04f00993          	li	s3,79
     798:	4581                	li	a1,0
     79a:	02500513          	li	a0,37
     79e:	3b51                	jal	532 <digitalWrite>
     7a0:	4581                	li	a1,0
     7a2:	02400513          	li	a0,36
     7a6:	3371                	jal	532 <digitalWrite>
     7a8:	4509                	li	a0,2
     7aa:	3d49                	jal	63c <us_delay>
     7ac:	4585                	li	a1,1
     7ae:	02400513          	li	a0,36
     7b2:	3341                	jal	532 <digitalWrite>
     7b4:	03f00b93          	li	s7,63
     7b8:	03700c13          	li	s8,55
     7bc:	80c1a783          	lw	a5,-2036(gp) # 2000000c <i.4672>
     7c0:	417b0733          	sub	a4,s6,s7
     7c4:	417905b3          	sub	a1,s2,s7
     7c8:	079e                	slli	a5,a5,0x7
     7ca:	97a6                	add	a5,a5,s1
     7cc:	973e                	add	a4,a4,a5
     7ce:	2314                	lbu	a3,0(a4)
     7d0:	01778733          	add	a4,a5,s7
     7d4:	97ae                	add	a5,a5,a1
     7d6:	04074603          	lbu	a2,64(a4) # 40010040 <_eusrstack+0x2000b040>
     7da:	238c                	lbu	a1,0(a5)
     7dc:	2308                	lbu	a0,0(a4)
     7de:	8285                	srli	a3,a3,0x1
     7e0:	8205                	srli	a2,a2,0x1
     7e2:	8185                	srli	a1,a1,0x1
     7e4:	8105                	srli	a0,a0,0x1
     7e6:	8a85                	andi	a3,a3,1
     7e8:	8a05                	andi	a2,a2,1
     7ea:	8985                	andi	a1,a1,1
     7ec:	8905                	andi	a0,a0,1
     7ee:	1bfd                	addi	s7,s7,-1
     7f0:	3da5                	jal	668 <row_out>
     7f2:	80c18413          	addi	s0,gp,-2036 # 2000000c <i.4672>
     7f6:	fd8b93e3          	bne	s7,s8,7bc <main+0xd0>
     7fa:	03f00b93          	li	s7,63
     7fe:	03700c13          	li	s8,55
     802:	401c                	lw	a5,0(s0)
     804:	417b0733          	sub	a4,s6,s7
     808:	417905b3          	sub	a1,s2,s7
     80c:	079e                	slli	a5,a5,0x7
     80e:	97a6                	add	a5,a5,s1
     810:	973e                	add	a4,a4,a5
     812:	2314                	lbu	a3,0(a4)
     814:	01778733          	add	a4,a5,s7
     818:	97ae                	add	a5,a5,a1
     81a:	04074603          	lbu	a2,64(a4)
     81e:	238c                	lbu	a1,0(a5)
     820:	2308                	lbu	a0,0(a4)
     822:	8a85                	andi	a3,a3,1
     824:	8a05                	andi	a2,a2,1
     826:	8985                	andi	a1,a1,1
     828:	8905                	andi	a0,a0,1
     82a:	1bfd                	addi	s7,s7,-1
     82c:	3d35                	jal	668 <row_out>
     82e:	fd8b9ae3          	bne	s7,s8,802 <__stack_size+0x2>
     832:	02f00b93          	li	s7,47
     836:	08f00c93          	li	s9,143
     83a:	02700c13          	li	s8,39
     83e:	401c                	lw	a5,0(s0)
     840:	417c8733          	sub	a4,s9,s7
     844:	417985b3          	sub	a1,s3,s7
     848:	079e                	slli	a5,a5,0x7
     84a:	97a6                	add	a5,a5,s1
     84c:	973e                	add	a4,a4,a5
     84e:	2314                	lbu	a3,0(a4)
     850:	01778733          	add	a4,a5,s7
     854:	97ae                	add	a5,a5,a1
     856:	04074603          	lbu	a2,64(a4)
     85a:	238c                	lbu	a1,0(a5)
     85c:	2308                	lbu	a0,0(a4)
     85e:	8285                	srli	a3,a3,0x1
     860:	8205                	srli	a2,a2,0x1
     862:	8185                	srli	a1,a1,0x1
     864:	8105                	srli	a0,a0,0x1
     866:	8a85                	andi	a3,a3,1
     868:	8a05                	andi	a2,a2,1
     86a:	8985                	andi	a1,a1,1
     86c:	8905                	andi	a0,a0,1
     86e:	1bfd                	addi	s7,s7,-1
     870:	3be5                	jal	668 <row_out>
     872:	fd8b96e3          	bne	s7,s8,83e <__stack_size+0x3e>
     876:	02f00b93          	li	s7,47
     87a:	08f00c93          	li	s9,143
     87e:	02700c13          	li	s8,39
     882:	401c                	lw	a5,0(s0)
     884:	417c8733          	sub	a4,s9,s7
     888:	417985b3          	sub	a1,s3,s7
     88c:	079e                	slli	a5,a5,0x7
     88e:	97a6                	add	a5,a5,s1
     890:	973e                	add	a4,a4,a5
     892:	2314                	lbu	a3,0(a4)
     894:	01778733          	add	a4,a5,s7
     898:	97ae                	add	a5,a5,a1
     89a:	04074603          	lbu	a2,64(a4)
     89e:	238c                	lbu	a1,0(a5)
     8a0:	2308                	lbu	a0,0(a4)
     8a2:	8a85                	andi	a3,a3,1
     8a4:	8a05                	andi	a2,a2,1
     8a6:	8985                	andi	a1,a1,1
     8a8:	8905                	andi	a0,a0,1
     8aa:	1bfd                	addi	s7,s7,-1
     8ac:	3b75                	jal	668 <row_out>
     8ae:	fd8b9ae3          	bne	s7,s8,882 <__stack_size+0x82>
     8b2:	4bfd                	li	s7,31
     8b4:	02f00c93          	li	s9,47
     8b8:	4c5d                	li	s8,23
     8ba:	401c                	lw	a5,0(s0)
     8bc:	41790733          	sub	a4,s2,s7
     8c0:	417c85b3          	sub	a1,s9,s7
     8c4:	079e                	slli	a5,a5,0x7
     8c6:	97a6                	add	a5,a5,s1
     8c8:	973e                	add	a4,a4,a5
     8ca:	2314                	lbu	a3,0(a4)
     8cc:	01778733          	add	a4,a5,s7
     8d0:	97ae                	add	a5,a5,a1
     8d2:	04074603          	lbu	a2,64(a4)
     8d6:	238c                	lbu	a1,0(a5)
     8d8:	2308                	lbu	a0,0(a4)
     8da:	8285                	srli	a3,a3,0x1
     8dc:	8205                	srli	a2,a2,0x1
     8de:	8185                	srli	a1,a1,0x1
     8e0:	8105                	srli	a0,a0,0x1
     8e2:	8a85                	andi	a3,a3,1
     8e4:	8a05                	andi	a2,a2,1
     8e6:	8985                	andi	a1,a1,1
     8e8:	8905                	andi	a0,a0,1
     8ea:	1bfd                	addi	s7,s7,-1
     8ec:	3bb5                	jal	668 <row_out>
     8ee:	fd8b96e3          	bne	s7,s8,8ba <__stack_size+0xba>
     8f2:	4bfd                	li	s7,31
     8f4:	02f00c93          	li	s9,47
     8f8:	4c5d                	li	s8,23
     8fa:	401c                	lw	a5,0(s0)
     8fc:	41790733          	sub	a4,s2,s7
     900:	417c85b3          	sub	a1,s9,s7
     904:	079e                	slli	a5,a5,0x7
     906:	97a6                	add	a5,a5,s1
     908:	973e                	add	a4,a4,a5
     90a:	2314                	lbu	a3,0(a4)
     90c:	01778733          	add	a4,a5,s7
     910:	97ae                	add	a5,a5,a1
     912:	04074603          	lbu	a2,64(a4)
     916:	238c                	lbu	a1,0(a5)
     918:	2308                	lbu	a0,0(a4)
     91a:	8a85                	andi	a3,a3,1
     91c:	8a05                	andi	a2,a2,1
     91e:	8985                	andi	a1,a1,1
     920:	8905                	andi	a0,a0,1
     922:	1bfd                	addi	s7,s7,-1
     924:	3391                	jal	668 <row_out>
     926:	fd8b9ae3          	bne	s7,s8,8fa <__stack_size+0xfa>
     92a:	4bbd                	li	s7,15
     92c:	4cbd                	li	s9,15
     92e:	4c1d                	li	s8,7
     930:	401c                	lw	a5,0(s0)
     932:	41798733          	sub	a4,s3,s7
     936:	417c85b3          	sub	a1,s9,s7
     93a:	079e                	slli	a5,a5,0x7
     93c:	97a6                	add	a5,a5,s1
     93e:	973e                	add	a4,a4,a5
     940:	2314                	lbu	a3,0(a4)
     942:	01778733          	add	a4,a5,s7
     946:	97ae                	add	a5,a5,a1
     948:	04074603          	lbu	a2,64(a4)
     94c:	238c                	lbu	a1,0(a5)
     94e:	2308                	lbu	a0,0(a4)
     950:	8285                	srli	a3,a3,0x1
     952:	8205                	srli	a2,a2,0x1
     954:	8185                	srli	a1,a1,0x1
     956:	8105                	srli	a0,a0,0x1
     958:	8a85                	andi	a3,a3,1
     95a:	8a05                	andi	a2,a2,1
     95c:	8985                	andi	a1,a1,1
     95e:	8905                	andi	a0,a0,1
     960:	1bfd                	addi	s7,s7,-1
     962:	3319                	jal	668 <row_out>
     964:	fd8b96e3          	bne	s7,s8,930 <__stack_size+0x130>
     968:	4bbd                	li	s7,15
     96a:	4cbd                	li	s9,15
     96c:	4c1d                	li	s8,7
     96e:	401c                	lw	a5,0(s0)
     970:	41798733          	sub	a4,s3,s7
     974:	417c85b3          	sub	a1,s9,s7
     978:	079e                	slli	a5,a5,0x7
     97a:	97a6                	add	a5,a5,s1
     97c:	973e                	add	a4,a4,a5
     97e:	2314                	lbu	a3,0(a4)
     980:	01778733          	add	a4,a5,s7
     984:	97ae                	add	a5,a5,a1
     986:	04074603          	lbu	a2,64(a4)
     98a:	238c                	lbu	a1,0(a5)
     98c:	2308                	lbu	a0,0(a4)
     98e:	8a85                	andi	a3,a3,1
     990:	8a05                	andi	a2,a2,1
     992:	8985                	andi	a1,a1,1
     994:	8905                	andi	a0,a0,1
     996:	1bfd                	addi	s7,s7,-1
     998:	39c1                	jal	668 <row_out>
     99a:	fd8b9ae3          	bne	s7,s8,96e <__stack_size+0x16e>
     99e:	06400513          	li	a0,100
     9a2:	3969                	jal	63c <us_delay>
     9a4:	4581                	li	a1,0
     9a6:	04100513          	li	a0,65
     9aa:	3661                	jal	532 <digitalWrite>
     9ac:	401c                	lw	a5,0(s0)
     9ae:	477d                	li	a4,31
     9b0:	08f76a63          	bltu	a4,a5,a44 <__stack_size+0x244>
     9b4:	078a                	slli	a5,a5,0x2
     9b6:	97d2                	add	a5,a5,s4
     9b8:	439c                	lw	a5,0(a5)
     9ba:	8782                	jr	a5
     9bc:	4581                	li	a1,0
     9be:	4561                	li	a0,24
     9c0:	3e8d                	jal	532 <digitalWrite>
     9c2:	4581                	li	a1,0
     9c4:	456d                	li	a0,27
     9c6:	36b5                	jal	532 <digitalWrite>
     9c8:	4581                	li	a1,0
     9ca:	4571                	li	a0,28
     9cc:	369d                	jal	532 <digitalWrite>
     9ce:	4581                	li	a1,0
     9d0:	a095                	j	a34 <__stack_size+0x234>
     9d2:	4581                	li	a1,0
     9d4:	4561                	li	a0,24
     9d6:	3eb1                	jal	532 <digitalWrite>
     9d8:	4581                	li	a1,0
     9da:	456d                	li	a0,27
     9dc:	3e99                	jal	532 <digitalWrite>
     9de:	4581                	li	a1,0
     9e0:	4571                	li	a0,28
     9e2:	3e81                	jal	532 <digitalWrite>
     9e4:	4581                	li	a1,0
     9e6:	4551                	li	a0,20
     9e8:	36a9                	jal	532 <digitalWrite>
     9ea:	4585                	li	a1,1
     9ec:	454d                	li	a0,19
     9ee:	3691                	jal	532 <digitalWrite>
     9f0:	4581                	li	a1,0
     9f2:	a0b9                	j	a40 <__stack_size+0x240>
     9f4:	4581                	li	a1,0
     9f6:	4561                	li	a0,24
     9f8:	3e2d                	jal	532 <digitalWrite>
     9fa:	4581                	li	a1,0
     9fc:	456d                	li	a0,27
     9fe:	3e15                	jal	532 <digitalWrite>
     a00:	4581                	li	a1,0
     a02:	a0ed                	j	aec <__stack_size+0x2ec>
     a04:	4581                	li	a1,0
     a06:	4561                	li	a0,24
     a08:	362d                	jal	532 <digitalWrite>
     a0a:	4581                	li	a1,0
     a0c:	456d                	li	a0,27
     a0e:	3615                	jal	532 <digitalWrite>
     a10:	4581                	li	a1,0
     a12:	4571                	li	a0,28
     a14:	3e39                	jal	532 <digitalWrite>
     a16:	4585                	li	a1,1
     a18:	4551                	li	a0,20
     a1a:	3e21                	jal	532 <digitalWrite>
     a1c:	4581                	li	a1,0
     a1e:	b7f9                	j	9ec <__stack_size+0x1ec>
     a20:	4581                	li	a1,0
     a22:	4561                	li	a0,24
     a24:	3639                	jal	532 <digitalWrite>
     a26:	4581                	li	a1,0
     a28:	456d                	li	a0,27
     a2a:	3621                	jal	532 <digitalWrite>
     a2c:	4581                	li	a1,0
     a2e:	4571                	li	a0,28
     a30:	3609                	jal	532 <digitalWrite>
     a32:	4585                	li	a1,1
     a34:	4551                	li	a0,20
     a36:	3cf5                	jal	532 <digitalWrite>
     a38:	4581                	li	a1,0
     a3a:	454d                	li	a0,19
     a3c:	3cdd                	jal	532 <digitalWrite>
     a3e:	4585                	li	a1,1
     a40:	4549                	li	a0,18
     a42:	3cc5                	jal	532 <digitalWrite>
     a44:	4585                	li	a1,1
     a46:	04100513          	li	a0,65
     a4a:	34e5                	jal	532 <digitalWrite>
     a4c:	4585                	li	a1,1
     a4e:	02600513          	li	a0,38
     a52:	34c5                	jal	532 <digitalWrite>
     a54:	06400513          	li	a0,100
     a58:	36d5                	jal	63c <us_delay>
     a5a:	4585                	li	a1,1
     a5c:	02500513          	li	a0,37
     a60:	3cc9                	jal	532 <digitalWrite>
     a62:	4581                	li	a1,0
     a64:	02600513          	li	a0,38
     a68:	34e9                	jal	532 <digitalWrite>
     a6a:	401c                	lw	a5,0(s0)
     a6c:	477d                	li	a4,31
     a6e:	0785                	addi	a5,a5,1
     a70:	c01c                	sw	a5,0(s0)
     a72:	d2f753e3          	bge	a4,a5,798 <main+0xac>
     a76:	00042023          	sw	zero,0(s0)
     a7a:	bb19                	j	790 <main+0xa4>
     a7c:	4581                	li	a1,0
     a7e:	4561                	li	a0,24
     a80:	3c4d                	jal	532 <digitalWrite>
     a82:	4581                	li	a1,0
     a84:	456d                	li	a0,27
     a86:	3475                	jal	532 <digitalWrite>
     a88:	4581                	li	a1,0
     a8a:	4571                	li	a0,28
     a8c:	345d                	jal	532 <digitalWrite>
     a8e:	4585                	li	a1,1
     a90:	bf99                	j	9e6 <__stack_size+0x1e6>
     a92:	4581                	li	a1,0
     a94:	4561                	li	a0,24
     a96:	3c71                	jal	532 <digitalWrite>
     a98:	4581                	li	a1,0
     a9a:	456d                	li	a0,27
     a9c:	3c59                	jal	532 <digitalWrite>
     a9e:	4581                	li	a1,0
     aa0:	4571                	li	a0,28
     aa2:	3c41                	jal	532 <digitalWrite>
     aa4:	4585                	li	a1,1
     aa6:	a0b1                	j	af2 <__stack_size+0x2f2>
     aa8:	4581                	li	a1,0
     aaa:	4561                	li	a0,24
     aac:	3459                	jal	532 <digitalWrite>
     aae:	4581                	li	a1,0
     ab0:	456d                	li	a0,27
     ab2:	3441                	jal	532 <digitalWrite>
     ab4:	4585                	li	a1,1
     ab6:	4571                	li	a0,28
     ab8:	3cad                	jal	532 <digitalWrite>
     aba:	4581                	li	a1,0
     abc:	bfb1                	j	a18 <__stack_size+0x218>
     abe:	4581                	li	a1,0
     ac0:	4561                	li	a0,24
     ac2:	3c85                	jal	532 <digitalWrite>
     ac4:	4581                	li	a1,0
     ac6:	456d                	li	a0,27
     ac8:	34ad                	jal	532 <digitalWrite>
     aca:	4585                	li	a1,1
     acc:	bdfd                	j	9ca <__stack_size+0x1ca>
     ace:	4581                	li	a1,0
     ad0:	4561                	li	a0,24
     ad2:	3485                	jal	532 <digitalWrite>
     ad4:	4581                	li	a1,0
     ad6:	456d                	li	a0,27
     ad8:	3ca9                	jal	532 <digitalWrite>
     ada:	4585                	li	a1,1
     adc:	b711                	j	9e0 <__stack_size+0x1e0>
     ade:	4581                	li	a1,0
     ae0:	4561                	li	a0,24
     ae2:	3c81                	jal	532 <digitalWrite>
     ae4:	4581                	li	a1,0
     ae6:	456d                	li	a0,27
     ae8:	34a9                	jal	532 <digitalWrite>
     aea:	4585                	li	a1,1
     aec:	4571                	li	a0,28
     aee:	3491                	jal	532 <digitalWrite>
     af0:	4581                	li	a1,0
     af2:	4551                	li	a0,20
     af4:	3c3d                	jal	532 <digitalWrite>
     af6:	4585                	li	a1,1
     af8:	b789                	j	a3a <__stack_size+0x23a>
     afa:	4581                	li	a1,0
     afc:	4561                	li	a0,24
     afe:	3c15                	jal	532 <digitalWrite>
     b00:	4581                	li	a1,0
     b02:	456d                	li	a0,27
     b04:	343d                	jal	532 <digitalWrite>
     b06:	4585                	li	a1,1
     b08:	b729                	j	a12 <__stack_size+0x212>
     b0a:	4581                	li	a1,0
     b0c:	4561                	li	a0,24
     b0e:	3415                	jal	532 <digitalWrite>
     b10:	4581                	li	a1,0
     b12:	456d                	li	a0,27
     b14:	3c39                	jal	532 <digitalWrite>
     b16:	4585                	li	a1,1
     b18:	bf19                	j	a2e <__stack_size+0x22e>
     b1a:	4581                	li	a1,0
     b1c:	4561                	li	a0,24
     b1e:	3c11                	jal	532 <digitalWrite>
     b20:	4581                	li	a1,0
     b22:	456d                	li	a0,27
     b24:	3439                	jal	532 <digitalWrite>
     b26:	4585                	li	a1,1
     b28:	b78d                	j	a8a <__stack_size+0x28a>
     b2a:	4581                	li	a1,0
     b2c:	4561                	li	a0,24
     b2e:	3411                	jal	532 <digitalWrite>
     b30:	4581                	li	a1,0
     b32:	456d                	li	a0,27
     b34:	3afd                	jal	532 <digitalWrite>
     b36:	4585                	li	a1,1
     b38:	b7a5                	j	aa0 <__stack_size+0x2a0>
     b3a:	4581                	li	a1,0
     b3c:	4561                	li	a0,24
     b3e:	3ad5                	jal	532 <digitalWrite>
     b40:	4585                	li	a1,1
     b42:	456d                	li	a0,27
     b44:	32fd                	jal	532 <digitalWrite>
     b46:	4581                	li	a1,0
     b48:	b7bd                	j	ab6 <__stack_size+0x2b6>
     b4a:	4581                	li	a1,0
     b4c:	4561                	li	a0,24
     b4e:	32d5                	jal	532 <digitalWrite>
     b50:	4585                	li	a1,1
     b52:	bd8d                	j	9c4 <__stack_size+0x1c4>
     b54:	4581                	li	a1,0
     b56:	4561                	li	a0,24
     b58:	3ae9                	jal	532 <digitalWrite>
     b5a:	4585                	li	a1,1
     b5c:	bdbd                	j	9da <__stack_size+0x1da>
     b5e:	4581                	li	a1,0
     b60:	4561                	li	a0,24
     b62:	3ac1                	jal	532 <digitalWrite>
     b64:	4585                	li	a1,1
     b66:	bd59                	j	9fc <__stack_size+0x1fc>
     b68:	4581                	li	a1,0
     b6a:	4561                	li	a0,24
     b6c:	32d9                	jal	532 <digitalWrite>
     b6e:	4585                	li	a1,1
     b70:	bd71                	j	a0c <__stack_size+0x20c>
     b72:	4581                	li	a1,0
     b74:	4561                	li	a0,24
     b76:	3a75                	jal	532 <digitalWrite>
     b78:	4585                	li	a1,1
     b7a:	b57d                	j	a28 <__stack_size+0x228>
     b7c:	4581                	li	a1,0
     b7e:	4561                	li	a0,24
     b80:	3a4d                	jal	532 <digitalWrite>
     b82:	4585                	li	a1,1
     b84:	b701                	j	a84 <__stack_size+0x284>
     b86:	4581                	li	a1,0
     b88:	4561                	li	a0,24
     b8a:	3265                	jal	532 <digitalWrite>
     b8c:	4585                	li	a1,1
     b8e:	b731                	j	a9a <__stack_size+0x29a>
     b90:	4581                	li	a1,0
     b92:	4561                	li	a0,24
     b94:	3a79                	jal	532 <digitalWrite>
     b96:	4585                	li	a1,1
     b98:	bf21                	j	ab0 <__stack_size+0x2b0>
     b9a:	4581                	li	a1,0
     b9c:	4561                	li	a0,24
     b9e:	3a51                	jal	532 <digitalWrite>
     ba0:	4585                	li	a1,1
     ba2:	b715                	j	ac6 <__stack_size+0x2c6>
     ba4:	4581                	li	a1,0
     ba6:	4561                	li	a0,24
     ba8:	3269                	jal	532 <digitalWrite>
     baa:	4585                	li	a1,1
     bac:	b72d                	j	ad6 <__stack_size+0x2d6>
     bae:	4581                	li	a1,0
     bb0:	4561                	li	a0,24
     bb2:	3241                	jal	532 <digitalWrite>
     bb4:	4585                	li	a1,1
     bb6:	bf05                	j	ae6 <__stack_size+0x2e6>
     bb8:	4581                	li	a1,0
     bba:	4561                	li	a0,24
     bbc:	3a9d                	jal	532 <digitalWrite>
     bbe:	4585                	li	a1,1
     bc0:	b789                	j	b02 <__stack_size+0x302>
     bc2:	4581                	li	a1,0
     bc4:	4561                	li	a0,24
     bc6:	32b5                	jal	532 <digitalWrite>
     bc8:	4585                	li	a1,1
     bca:	b7a1                	j	b12 <__stack_size+0x312>
     bcc:	4581                	li	a1,0
     bce:	4561                	li	a0,24
     bd0:	328d                	jal	532 <digitalWrite>
     bd2:	4585                	li	a1,1
     bd4:	b7b9                	j	b22 <__stack_size+0x322>
     bd6:	4581                	li	a1,0
     bd8:	4561                	li	a0,24
     bda:	3aa1                	jal	532 <digitalWrite>
     bdc:	4585                	li	a1,1
     bde:	bf91                	j	b32 <__stack_size+0x332>
     be0:	4585                	li	a1,1
     be2:	4561                	li	a0,24
     be4:	32b9                	jal	532 <digitalWrite>
     be6:	4581                	li	a1,0
     be8:	bfa9                	j	b42 <__stack_size+0x342>

00000bea <TIM2_IRQHandler>:
     bea:	40000737          	lui	a4,0x40000
     bee:	2b1e                	lhu	a5,16(a4)
     bf0:	07c2                	slli	a5,a5,0x10
     bf2:	83c1                	srli	a5,a5,0x10
     bf4:	9bf9                	andi	a5,a5,-2
     bf6:	07c2                	slli	a5,a5,0x10
     bf8:	83c1                	srli	a5,a5,0x10
     bfa:	ab1e                	sh	a5,16(a4)
     bfc:	80818693          	addi	a3,gp,-2040 # 20000008 <_edata>
     c00:	4298                	lw	a4,0(a3)
     c02:	80818593          	addi	a1,gp,-2040 # 20000008 <_edata>
     c06:	0705                	addi	a4,a4,1
     c08:	c298                	sw	a4,0(a3)
     c0a:	6685                	lui	a3,0x1
     c0c:	bb868613          	addi	a2,a3,-1096 # bb8 <__stack_size+0x3b8>
     c10:	08e65a63          	bge	a2,a4,ca4 <TIM2_IRQHandler+0xba>
     c14:	8101a603          	lw	a2,-2032(gp) # 20000010 <one_Latch.4775>
     c18:	81018793          	addi	a5,gp,-2032 # 20000010 <one_Latch.4775>
     c1c:	ee1d                	bnez	a2,c5a <TIM2_IRQHandler+0x70>
     c1e:	4605                	li	a2,1
     c20:	20000837          	lui	a6,0x20000
     c24:	6885                	lui	a7,0x1
     c26:	c390                	sw	a2,0(a5)
     c28:	01480813          	addi	a6,a6,20 # 20000014 <disp_data>
     c2c:	08000613          	li	a2,128
     c30:	ea088893          	addi	a7,a7,-352 # ea0 <data1>
     c34:	08068513          	addi	a0,a3,128
     c38:	f8060693          	addi	a3,a2,-128
     c3c:	01168e33          	add	t3,a3,a7
     c40:	000e4e03          	lbu	t3,0(t3)
     c44:	01068333          	add	t1,a3,a6
     c48:	0685                	addi	a3,a3,1
     c4a:	01c30023          	sb	t3,0(t1)
     c4e:	fec697e3          	bne	a3,a2,c3c <TIM2_IRQHandler+0x52>
     c52:	08060613          	addi	a2,a2,128
     c56:	fea611e3          	bne	a2,a0,c38 <TIM2_IRQHandler+0x4e>
     c5a:	6685                	lui	a3,0x1
     c5c:	77068613          	addi	a2,a3,1904 # 1770 <data1+0x8d0>
     c60:	04e65263          	bge	a2,a4,ca4 <TIM2_IRQHandler+0xba>
     c64:	0005a023          	sw	zero,0(a1)
     c68:	20000637          	lui	a2,0x20000
     c6c:	6589                	lui	a1,0x2
     c6e:	0007a023          	sw	zero,0(a5) # 40000000 <_eusrstack+0x1fffb000>
     c72:	08000713          	li	a4,128
     c76:	01460613          	addi	a2,a2,20 # 20000014 <disp_data>
     c7a:	ea058593          	addi	a1,a1,-352 # 1ea0 <data2>
     c7e:	08068693          	addi	a3,a3,128
     c82:	f8070793          	addi	a5,a4,-128 # 3fffff80 <_eusrstack+0x1fffaf80>
     c86:	00b78833          	add	a6,a5,a1
     c8a:	00084803          	lbu	a6,0(a6)
     c8e:	00c78533          	add	a0,a5,a2
     c92:	0785                	addi	a5,a5,1
     c94:	01050023          	sb	a6,0(a0)
     c98:	fef717e3          	bne	a4,a5,c86 <TIM2_IRQHandler+0x9c>
     c9c:	08070713          	addi	a4,a4,128
     ca0:	fed711e3          	bne	a4,a3,c82 <TIM2_IRQHandler+0x98>
     ca4:	30200073          	mret

00000ca8 <SystemInit>:
     ca8:	400217b7          	lui	a5,0x40021
     cac:	4398                	lw	a4,0(a5)
     cae:	f0ff06b7          	lui	a3,0xf0ff0
     cb2:	1141                	addi	sp,sp,-16
     cb4:	00176713          	ori	a4,a4,1
     cb8:	c398                	sw	a4,0(a5)
     cba:	43d8                	lw	a4,4(a5)
     cbc:	00020637          	lui	a2,0x20
     cc0:	8f75                	and	a4,a4,a3
     cc2:	c3d8                	sw	a4,4(a5)
     cc4:	4398                	lw	a4,0(a5)
     cc6:	fef706b7          	lui	a3,0xfef70
     cca:	16fd                	addi	a3,a3,-1
     ccc:	8f75                	and	a4,a4,a3
     cce:	c398                	sw	a4,0(a5)
     cd0:	4398                	lw	a4,0(a5)
     cd2:	fffc06b7          	lui	a3,0xfffc0
     cd6:	16fd                	addi	a3,a3,-1
     cd8:	8f75                	and	a4,a4,a3
     cda:	c398                	sw	a4,0(a5)
     cdc:	43d8                	lw	a4,4(a5)
     cde:	ff0106b7          	lui	a3,0xff010
     ce2:	16fd                	addi	a3,a3,-1
     ce4:	8f75                	and	a4,a4,a3
     ce6:	c3d8                	sw	a4,4(a5)
     ce8:	009f0737          	lui	a4,0x9f0
     cec:	c798                	sw	a4,8(a5)
     cee:	c402                	sw	zero,8(sp)
     cf0:	c602                	sw	zero,12(sp)
     cf2:	4398                	lw	a4,0(a5)
     cf4:	66c1                	lui	a3,0x10
     cf6:	8f55                	or	a4,a4,a3
     cf8:	c398                	sw	a4,0(a5)
     cfa:	400216b7          	lui	a3,0x40021
     cfe:	6705                	lui	a4,0x1
     d00:	429c                	lw	a5,0(a3)
     d02:	8ff1                	and	a5,a5,a2
     d04:	c63e                	sw	a5,12(sp)
     d06:	47a2                	lw	a5,8(sp)
     d08:	0785                	addi	a5,a5,1
     d0a:	c43e                	sw	a5,8(sp)
     d0c:	47b2                	lw	a5,12(sp)
     d0e:	e781                	bnez	a5,d16 <SystemInit+0x6e>
     d10:	47a2                	lw	a5,8(sp)
     d12:	fee797e3          	bne	a5,a4,d00 <SystemInit+0x58>
     d16:	400217b7          	lui	a5,0x40021
     d1a:	439c                	lw	a5,0(a5)
     d1c:	00e79713          	slli	a4,a5,0xe
     d20:	06075763          	bgez	a4,d8e <SystemInit+0xe6>
     d24:	4785                	li	a5,1
     d26:	c63e                	sw	a5,12(sp)
     d28:	4732                	lw	a4,12(sp)
     d2a:	4785                	li	a5,1
     d2c:	04f71f63          	bne	a4,a5,d8a <SystemInit+0xe2>
     d30:	400217b7          	lui	a5,0x40021
     d34:	43d8                	lw	a4,4(a5)
     d36:	ffc106b7          	lui	a3,0xffc10
     d3a:	16fd                	addi	a3,a3,-1
     d3c:	c3d8                	sw	a4,4(a5)
     d3e:	43d8                	lw	a4,4(a5)
     d40:	c3d8                	sw	a4,4(a5)
     d42:	43d8                	lw	a4,4(a5)
     d44:	40076713          	ori	a4,a4,1024
     d48:	c3d8                	sw	a4,4(a5)
     d4a:	43d8                	lw	a4,4(a5)
     d4c:	8f75                	and	a4,a4,a3
     d4e:	c3d8                	sw	a4,4(a5)
     d50:	43d8                	lw	a4,4(a5)
     d52:	002906b7          	lui	a3,0x290
     d56:	8f55                	or	a4,a4,a3
     d58:	c3d8                	sw	a4,4(a5)
     d5a:	4398                	lw	a4,0(a5)
     d5c:	010006b7          	lui	a3,0x1000
     d60:	8f55                	or	a4,a4,a3
     d62:	c398                	sw	a4,0(a5)
     d64:	4398                	lw	a4,0(a5)
     d66:	00671693          	slli	a3,a4,0x6
     d6a:	fe06dde3          	bgez	a3,d64 <SystemInit+0xbc>
     d6e:	43d8                	lw	a4,4(a5)
     d70:	400216b7          	lui	a3,0x40021
     d74:	9b71                	andi	a4,a4,-4
     d76:	c3d8                	sw	a4,4(a5)
     d78:	43d8                	lw	a4,4(a5)
     d7a:	00276713          	ori	a4,a4,2
     d7e:	c3d8                	sw	a4,4(a5)
     d80:	4721                	li	a4,8
     d82:	42dc                	lw	a5,4(a3)
     d84:	8bb1                	andi	a5,a5,12
     d86:	fee79ee3          	bne	a5,a4,d82 <SystemInit+0xda>
     d8a:	0141                	addi	sp,sp,16
     d8c:	8082                	ret
     d8e:	c602                	sw	zero,12(sp)
     d90:	bf61                	j	d28 <SystemInit+0x80>

00000d92 <ADC1_2_IRQHandler>:
     d92:	a001                	j	d92 <ADC1_2_IRQHandler>

00000d94 <handle_reset>:
     d94:	20000197          	auipc	gp,0x20000
     d98:	a6c18193          	addi	gp,gp,-1428 # 20000800 <__global_pointer$>
     d9c:	20004117          	auipc	sp,0x20004
     da0:	26410113          	addi	sp,sp,612 # 20005000 <_eusrstack>
     da4:	00002517          	auipc	a0,0x2
     da8:	0fc50513          	addi	a0,a0,252 # 2ea0 <_data_lma>
     dac:	1ffff597          	auipc	a1,0x1ffff
     db0:	25458593          	addi	a1,a1,596 # 20000000 <_data_vma>
     db4:	80818613          	addi	a2,gp,-2040 # 20000008 <_edata>
     db8:	00c5fa63          	bgeu	a1,a2,dcc <handle_reset+0x38>
     dbc:	00052283          	lw	t0,0(a0)
     dc0:	0055a023          	sw	t0,0(a1)
     dc4:	0511                	addi	a0,a0,4
     dc6:	0591                	addi	a1,a1,4
     dc8:	fec5eae3          	bltu	a1,a2,dbc <handle_reset+0x28>
     dcc:	80818513          	addi	a0,gp,-2040 # 20000008 <_edata>
     dd0:	20000597          	auipc	a1,0x20000
     dd4:	24458593          	addi	a1,a1,580 # 20001014 <_ebss>
     dd8:	00b57763          	bgeu	a0,a1,de6 <handle_reset+0x52>
     ddc:	00052023          	sw	zero,0(a0)
     de0:	0511                	addi	a0,a0,4
     de2:	feb56de3          	bltu	a0,a1,ddc <handle_reset+0x48>
     de6:	42fd                	li	t0,31
     de8:	bc029073          	csrw	0xbc0,t0
     dec:	428d                	li	t0,3
     dee:	80429073          	csrw	0x804,t0
     df2:	08800293          	li	t0,136
     df6:	30029073          	csrw	mstatus,t0
     dfa:	fffff297          	auipc	t0,0xfffff
     dfe:	20a28293          	addi	t0,t0,522 # 4 <_einit>
     e02:	0032e293          	ori	t0,t0,3
     e06:	30529073          	csrw	mtvec,t0
     e0a:	e9fff0ef          	jal	ra,ca8 <SystemInit>
     e0e:	00000297          	auipc	t0,0x0
     e12:	8de28293          	addi	t0,t0,-1826 # 6ec <main>
     e16:	34129073          	csrw	mepc,t0
     e1a:	30200073          	mret
     e1e:	0000                	unimp
     e20:	09bc                	addi	a5,sp,216
     e22:	0000                	unimp
     e24:	09d2                	slli	s3,s3,0x14
     e26:	0000                	unimp
     e28:	09f4                	addi	a3,sp,220
     e2a:	0000                	unimp
     e2c:	0a04                	addi	s1,sp,272
     e2e:	0000                	unimp
     e30:	0a20                	addi	s0,sp,280
     e32:	0000                	unimp
     e34:	0a7c                	addi	a5,sp,284
     e36:	0000                	unimp
     e38:	0a92                	slli	s5,s5,0x4
     e3a:	0000                	unimp
     e3c:	0aa8                	addi	a0,sp,344
     e3e:	0000                	unimp
     e40:	0abe                	slli	s5,s5,0xf
     e42:	0000                	unimp
     e44:	0ace                	slli	s5,s5,0x13
     e46:	0000                	unimp
     e48:	0ade                	slli	s5,s5,0x17
     e4a:	0000                	unimp
     e4c:	0afa                	slli	s5,s5,0x1e
     e4e:	0000                	unimp
     e50:	0b0a                	slli	s6,s6,0x2
     e52:	0000                	unimp
     e54:	0b1a                	slli	s6,s6,0x6
     e56:	0000                	unimp
     e58:	0b2a                	slli	s6,s6,0xa
     e5a:	0000                	unimp
     e5c:	0b3a                	slli	s6,s6,0xe
     e5e:	0000                	unimp
     e60:	0b4a                	slli	s6,s6,0x12
     e62:	0000                	unimp
     e64:	0b54                	addi	a3,sp,404
     e66:	0000                	unimp
     e68:	0b5e                	slli	s6,s6,0x17
     e6a:	0000                	unimp
     e6c:	0b68                	addi	a0,sp,412
     e6e:	0000                	unimp
     e70:	0b72                	slli	s6,s6,0x1c
     e72:	0000                	unimp
     e74:	0b7c                	addi	a5,sp,412
     e76:	0000                	unimp
     e78:	0b86                	slli	s7,s7,0x1
     e7a:	0000                	unimp
     e7c:	0b90                	addi	a2,sp,464
     e7e:	0000                	unimp
     e80:	0b9a                	slli	s7,s7,0x6
     e82:	0000                	unimp
     e84:	0ba4                	addi	s1,sp,472
     e86:	0000                	unimp
     e88:	0bae                	slli	s7,s7,0xb
     e8a:	0000                	unimp
     e8c:	0bb8                	addi	a4,sp,472
     e8e:	0000                	unimp
     e90:	0bc2                	slli	s7,s7,0x10
     e92:	0000                	unimp
     e94:	0bcc                	addi	a1,sp,468
     e96:	0000                	unimp
     e98:	0bd6                	slli	s7,s7,0x15
     e9a:	0000                	unimp
     e9c:	0be0                	addi	s0,sp,476
	...

00000ea0 <data1>:
	...

00001ea0 <data2>:
	...
